=== Starting Electron ===
[stdout] 
[stdout] [ContextEngine] Registered engine: "default"
[stdout] [ContextEngine] Registered engine: "vector"
[stdout] [App] App ready, starting initialization...
[stdout] [App] 🚀 Initializing skills sync...
[SkillsSync] 🔍 Searching for built-in skills directory...
[SkillsSync]    Checking: C:\Users\srini\Downloads\EverFern\everfern-desktop\apps\desktop\dist-electron\main\skills
[SkillsSync]    Checking: C:\Users\srini\Downloads\EverFern\everfern-desktop\apps\desktop\dist-electron\main\skills
[stdout] [SkillsSync]    Checking: C:\Users\srini\Downloads\EverFern\everfern-desktop\apps\desktop\main\skills
[SkillsSync]    ✅ Found: C:\Users\srini\Downloads\EverFern\everfern-desktop\apps\desktop\main\skills
[SkillsSync] 📦 Syncing built-in skills
[SkillsSync]    From: C:\Users\srini\Downloads\EverFern\everfern-desktop\apps\desktop\main\skills
[SkillsSync]    To:   C:\Users\srini\.everfern\skills
[stdout] [SkillsSync] 🔄 Clearing existing skills
[stdout] [SkillsSync] ✅ Skills synced successfully (10 files)
[stdout] [SkillsSync]    • csv (1 files)
[SkillsSync]    • documents.md (1 files)
[SkillsSync]    • docx (1 files)
[SkillsSync]    • frontend-design (1 files)
[SkillsSync]    • html-dashboard (1 files)
[SkillsSync]    • json (1 files)
[SkillsSync]    • pdf (1 files)
[SkillsSync]    • pptx (1 files)
[SkillsSync]    • txt (1 files)
[SkillsSync]    • xlsx (1 files)
[App] Skills sync completed
[stdout] [Window] Loading dev URL: http://localhost:3001
[Window] Starting tryLoad...
[stdout] [Window] Attempt 1: checking if Next.js is ready...
[stdout] [Window] Attempt 1/30 failed: Error: Next.js not ready, waiting...
[stdout] [Window] Attempt 2: checking if Next.js is ready...
[stdout] [Window] Attempt 2/30 failed: Error: Next.js not ready, waiting...
[stdout] [Window] Attempt 3: checking if Next.js is ready...
[stdout] [Window] Attempt 3/30 failed: Error: Next.js not ready, waiting...
[stdout] [Window] Attempt 4: checking if Next.js is ready...
[stdout] [Window] Attempt 4/30 failed: Error: Next.js not ready, waiting...
[stdout] [Window] Attempt 5: checking if Next.js is ready...
[stdout] [Window] Attempt 5/30 failed: Error: Next.js not ready, waiting...
[stdout] [Vectors] Database initialized
[stdout] [Window] Attempt 6: checking if Next.js is ready...
[stdout] [Window] Attempt 6/30 failed: Error: Next.js not ready, waiting...
[stdout] [Window] Attempt 7: checking if Next.js is ready...
[stdout] [Window] Attempt 7/30 failed: Error: Next.js not ready, waiting...

=== Force quit after 8 seconds ===
